<?xml version="1.0" encoding="UTF-8"?>
<!-- Generated by org.testng.reporters.JUnitXMLReporter -->
<testsuite ignored="0" hostname="qms-mgi-10" failures="0" tests="2" name="Surefire test" time="9.391" errors="0" timestamp="2023-05-30T16:56:30 MSK">
  <testcase classname="org.com.it_academy.testonliner.api.RestSearchTest" name="checkingThatNameAreNotEmpty" time="7.865"/>
  <testcase classname="org.com.it_academy.testonliner.api.RestSearchTest" name="checkingThatNamePrefixContainsValueFilterSelected" time="0.964"/>
</testsuite> <!-- Surefire test -->
