<?xml version="1.0" encoding="UTF-8"?>
<testsuite xmlns:xsi="http://www.w3.org/2001/XMLSchema-instance" xsi:noNamespaceSchemaLocation="https://maven.apache.org/surefire/maven-surefire-plugin/xsd/surefire-test-report.xsd" name="org.com.it_academy.testonliner.api.RestSearchTest" time="12.937" tests="2" errors="0" skipped="0" failures="0">
  <properties>
[...]
</properties>
  <testcase name="checkingThatNameAreNotEmpty" classname="org.com.it_academy.testonliner.api.RestSearchTest" time="7.887"/>
  <testcase name="checkingThatNamePrefixContainsValueFilterSelected" classname="org.com.it_academy.testonliner.api.RestSearchTest" time="0.968"/>
</testsuite>