<?xml version="1.0" encoding="UTF-8"?>
<testng-results ignored="0" total="2" passed="2" failed="0" skipped="0">
  <reporter-output>
  </reporter-output>
  <suite started-at="2023-05-30T16:56:20 MSK" name="Surefire suite" finished-at="2023-05-30T16:56:30 MSK" duration-ms="9391">
    <groups>
    </groups>
    <test started-at="2023-05-30T16:56:20 MSK" name="Surefire test" finished-at="2023-05-30T16:56:30 MSK" duration-ms="9391">
      <class name="org.com.it_academy.testonliner.api.RestSearchTest">
        <test-method is-config="true" signature="init()[pri:0, instance:org.com.it_academy.testonliner.api.RestSearchTest@5fb7183b]" started-at="2023-05-30T16:56:20 MSK" name="init" finished-at="2023-05-30T16:56:20 MSK" duration-ms="97" status="PASS">
          <reporter-output>
          </reporter-output>
        </test-method> <!-- init -->
        <test-method signature="checkingThatNameAreNotEmpty()[pri:0, instance:org.com.it_academy.testonliner.api.RestSearchTest@5fb7183b]" started-at="2023-05-30T16:56:21 MSK" name="checkingThatNameAreNotEmpty" finished-at="2023-05-30T16:56:29 MSK" duration-ms="7865" status="PASS">
          <reporter-output>
          </reporter-output>
        </test-method> <!-- checkingThatNameAreNotEmpty -->
        <test-method is-config="true" signature="init()[pri:0, instance:org.com.it_academy.testonliner.api.RestSearchTest@5fb7183b]" started-at="2023-05-30T16:56:29 MSK" name="init" finished-at="2023-05-30T16:56:29 MSK" duration-ms="1" status="PASS">
          <reporter-output>
          </reporter-output>
        </test-method> <!-- init -->
        <test-method signature="checkingThatNamePrefixContainsValueFilterSelected()[pri:0, instance:org.com.it_academy.testonliner.api.RestSearchTest@5fb7183b]" started-at="2023-05-30T16:56:29 MSK" name="checkingThatNamePrefixContainsValueFilterSelected" finished-at="2023-05-30T16:56:30 MSK" duration-ms="964" status="PASS">
          <reporter-output>
          </reporter-output>
        </test-method> <!-- checkingThatNamePrefixContainsValueFilterSelected -->
      </class> <!-- org.com.it_academy.testonliner.api.RestSearchTest -->
    </test> <!-- Surefire test -->
  </suite> <!-- Surefire suite -->
</testng-results>
